Build started 2015-09-26 4:02:44 PM.
     1>Project "C:\github\SG14\cpp_entity_example\cpp_entity_example\cpp_entity_example.vcxproj" on node 2 (Build target(s)).
     1>ClCompile:
         C:\Program Files (x86)\Microsoft Visual Studio 14.0\VC\bin\CL.exe /c /ZI /nologo /W3 /WX- /sdl /Od /Oy- /D WIN32 /D _DEBUG /D _CONSOLE /D _UNICODE /D UNICODE /Gm /EHsc /RTC1 /MDd /GS /fp:precise /Zc:wchar_t /Zc:forScope /Zc:inline /Yu"stdafx.h" /Fp"Debug\cpp_entity_example.pch" /Fo"Debug\\" /Fd"Debug\vc140.pdb" /Gd /TP /analyze- /errorReport:prompt cpp_entity_example.cpp
         cpp_entity_example.cpp
     1>c:\github\sg14\cpp_entity_example\cpp_entity_example\cpp_entity_example.cpp(57): error C2065: 'default_random_engine': undeclared identifier
     1>c:\github\sg14\cpp_entity_example\cpp_entity_example\cpp_entity_example.cpp(57): error C2146: syntax error: missing ';' before identifier 'generator'
     1>c:\github\sg14\cpp_entity_example\cpp_entity_example\cpp_entity_example.cpp(57): error C2065: 'generator': undeclared identifier
     1>c:\github\sg14\cpp_entity_example\cpp_entity_example\cpp_entity_example.cpp(58): error C2065: 'uniform_real_distribution': undeclared identifier
     1>c:\github\sg14\cpp_entity_example\cpp_entity_example\cpp_entity_example.cpp(58): error C2062: type 'float' unexpected
     1>c:\github\sg14\cpp_entity_example\cpp_entity_example\cpp_entity_example.cpp(59): error C2065: 'unique_ptr': undeclared identifier
     1>c:\github\sg14\cpp_entity_example\cpp_entity_example\cpp_entity_example.cpp(59): error C2275: 'entity': illegal use of this type as an expression
         c:\github\sg14\cpp_entity_example\cpp_entity_example\cpp_entity_example.cpp(32): note: see declaration of 'entity'
     1>c:\github\sg14\cpp_entity_example\cpp_entity_example\cpp_entity_example.cpp(59): error C2974: 'std::vector': invalid template argument for '_Ty', type expected
         c:\program files (x86)\microsoft visual studio 14.0\vc\include\vector(678): note: see declaration of 'std::vector'
         c:\program files (x86)\microsoft visual studio 14.0\vc\include\vector(678): note: see declaration of 'std::vector'
     1>c:\github\sg14\cpp_entity_example\cpp_entity_example\cpp_entity_example.cpp(59): error C2143: syntax error: missing ';' before '>'
     1>c:\github\sg14\cpp_entity_example\cpp_entity_example\cpp_entity_example.cpp(59): error C2059: syntax error: '>'
     1>c:\github\sg14\cpp_entity_example\cpp_entity_example\cpp_entity_example.cpp(60): error C2065: 'entity_vec': undeclared identifier
     1>c:\github\sg14\cpp_entity_example\cpp_entity_example\cpp_entity_example.cpp(62): error C2059: syntax error: 'return'
     1>Done Building Project "C:\github\SG14\cpp_entity_example\cpp_entity_example\cpp_entity_example.vcxproj" (Build target(s)) -- FAILED.

Build FAILED.

Time Elapsed 00:00:00.22
